	Exporter version: 4.4.4, Blender version: 2.77 (sub 0)
========= Conversion from Blender to Babylon.js =========
	Scene settings used:
		selected layers only:  false
		flat shading entire scene:  false
		inline textures:  false
		texture directory:  /home/hampus/Dropbox/Babylonjs Game/meteorgame/public/assets/cubemap/
	Python World class constructor completed
	WARNING: No active camera has been assigned, or is not in a currently selected Blender layer
	processing begun of mesh:  Cube
		WARNING: No materials have been assigned: 
		num positions      :  4462
		num normals        :  4462
		num uvs            :  8924
		num uvs2           :  0
		num colors         :  0
		num indices        :  7539
========= Writing of scene file started =========
========= Writing of scene file completed =========
========= end of processing =========
elapsed time:  0 min, 0.2676 secs
